[debug] [2026-05-06T14:39:07.244Z] ----------------------------------------------------------------------
[debug] [2026-05-06T14:39:07.247Z] Command:       E:\node js setup\node.exe C:\Users\ADMIN\AppData\Roaming\npm\node_modules\firebase-tools\lib\bin\firebase.js init
[debug] [2026-05-06T14:39:07.247Z] CLI Version:   15.16.0
[debug] [2026-05-06T14:39:07.247Z] Platform:      win32
[debug] [2026-05-06T14:39:07.248Z] Node Version:  v24.11.1
[debug] [2026-05-06T14:39:07.248Z] Time:          Wed May 06 2026 20:09:07 GMT+0530 (India Standard Time)
[debug] [2026-05-06T14:39:07.248Z] ----------------------------------------------------------------------
[debug] 
[info] 
     ######## #### ########  ######## ########     ###     ######  ########
     ##        ##  ##     ## ##       ##     ##  ##   ##  ##       ##
     ######    ##  ########  ######   ########  #########  ######  ######
     ##        ##  ##    ##  ##       ##     ## ##     ##       ## ##
     ##       #### ##     ## ######## ########  ##     ##  ######  ########

You're about to initialize a Firebase project in this directory:

  F:\Full Stake\react-project\health-center

Before we get started, keep in mind:

  * You are initializing within an existing Firebase project directory

[info] 
=== Project Setup
[info] 
[info] First, let's associate this project directory with a Firebase project.
[info] You can create multiple project aliases by running firebase use --add, 
[info] 
[debug] [2026-05-06T14:39:43.052Z] > command requires scopes: ["email","openid","https://www.googleapis.com/auth/cloudplatformprojects.readonly","https://www.googleapis.com/auth/firebase","https://www.googleapis.com/auth/cloud-platform"]
[debug] [2026-05-06T14:39:43.052Z] > authorizing via signed-in user (hrajpara715@gmail.com)
[debug] [2026-05-06T14:39:43.053Z] Checked if tokens are valid: false, expires at: 1778067149336
[debug] [2026-05-06T14:39:43.054Z] Checked if tokens are valid: false, expires at: 1778067149336
[debug] [2026-05-06T14:39:43.054Z] > refreshing access token with scopes: []
[debug] [2026-05-06T14:39:43.055Z] >>> [apiv2][query] POST https://www.googleapis.com/oauth2/v3/token [none]
[debug] [2026-05-06T14:39:43.056Z] >>> [apiv2][body] POST https://www.googleapis.com/oauth2/v3/token [omitted]
[debug] [2026-05-06T14:39:43.324Z] <<< [apiv2][status] POST https://www.googleapis.com/oauth2/v3/token 200
[debug] [2026-05-06T14:39:43.324Z] <<< [apiv2][body] POST https://www.googleapis.com/oauth2/v3/token [omitted]
[debug] [2026-05-06T14:39:43.347Z] >>> [apiv2][query] GET https://firebase.googleapis.com/v1beta1/projects/hfirebase-d379f [none]
[debug] [2026-05-06T14:39:44.030Z] <<< [apiv2][status] GET https://firebase.googleapis.com/v1beta1/projects/hfirebase-d379f 200
[debug] [2026-05-06T14:39:44.030Z] <<< [apiv2][body] GET https://firebase.googleapis.com/v1beta1/projects/hfirebase-d379f {"projectId":"hfirebase-d379f","projectNumber":"870710445938","displayName":"hfirebase","name":"projects/hfirebase-d379f","resources":{"hostingSite":"hfirebase-d379f"},"state":"ACTIVE","etag":"1_f7b497df-7c03-46cd-af24-5ce9472d3f2f"}
[info] i  Using project hfirebase-d379f (hfirebase) . 
[info] 
=== Hosting Setup
[debug] [2026-05-06T14:40:23.599Z] Checked if tokens are valid: true, expires at: 1778081982324
[debug] [2026-05-06T14:40:23.600Z] Checked if tokens are valid: true, expires at: 1778081982324
[debug] [2026-05-06T14:40:23.600Z] >>> [apiv2][query] GET https://firebase.googleapis.com/v1beta1/projects/hfirebase-d379f [none]
[debug] [2026-05-06T14:40:24.107Z] <<< [apiv2][status] GET https://firebase.googleapis.com/v1beta1/projects/hfirebase-d379f 200
[debug] [2026-05-06T14:40:24.107Z] <<< [apiv2][body] GET https://firebase.googleapis.com/v1beta1/projects/hfirebase-d379f {"projectId":"hfirebase-d379f","projectNumber":"870710445938","displayName":"hfirebase","name":"projects/hfirebase-d379f","resources":{"hostingSite":"hfirebase-d379f"},"state":"ACTIVE","etag":"1_f7b497df-7c03-46cd-af24-5ce9472d3f2f"}
[info] 
[info] Your public directory is the folder (relative to your project directory) that
[info] will contain Hosting assets to be uploaded with firebase deploy. If you
[info] have a build process for your assets, use your build's output directory.
[info] 
[info] 
[info] i  Detected a .git folder at F:\Full Stake\react-project\health-center 
[info] i  Authorizing with GitHub to upload your service account to a GitHub repository's secrets store. 
[info] 
[info] Visit this URL on this device to log in:
[info] https://github.com/login/oauth/authorize?client_id=89cf50f02ac6aaed3484&state=707099078&redirect_uri=http%3A%2F%2Flocalhost%3A9005&scope=read%3Auser%20repo%20public_repo
[info] 
[info] Waiting for authentication...
